
[AVIS-YML-STRIKE] Sat Feb 14 18:51:06 UTC 2026: Identity: VERSION 1 - YML Ignition Verified
[AVIS-YML-STRIKE] Sat Feb 14 18:51:06 UTC 2026: AVIS_SESSION_IGNITED: Identity JOE verified.
------------------------------------------------------------
[AVIS-YML-STRIKE] Sat Feb 14 18:51:06 UTC 2026: [TEST_BLOCK] BEGIN EXPORT VERIFICATION
[AVIS-YML-STRIKE] Sat Feb 14 18:51:06 UTC 2026: [TEST_BLOCK] EXPORT_NAME: FIRE_LOG_STRIKE
[AVIS-YML-STRIKE] Sat Feb 14 18:51:06 UTC 2026: [TEST_BLOCK] TARGET_VAULT: VERSION 1/fire-gem.log
[AVIS-YML-STRIKE] Sat Feb 14 18:51:06 UTC 2026: [TEST_BLOCK] STATUS: AVIS_BRIDGE_VERIFIED. HAHA!
------------------------------------------------------------
[AVIS-YML-STRIKE] Sat Feb 14 19:10:50 UTC 2026: Identity: VERSION 1 - YML Ignition Verified
[AVIS-YML-STRIKE] Sat Feb 14 19:11:43 UTC 2026: Identity: VERSION 1 - YML Ignition Verified
[AVIS-YML-STRIKE] Sat Feb 14 19:11:45 UTC 2026: LINK_STRIKE: Resolving _start Collision.
[AVIS-YML-STRIKE] Sat Feb 14 19:11:45 UTC 2026: LINK_COMPLETE: _start Conflict Dead. HAHA!
[AVIS-YML-STRIKE] Sat Feb 14 19:15:55 UTC 2026: Identity: VERSION 1 - YML Ignition Verified
[AVIS-YML-STRIKE] Sat Feb 14 19:15:57 UTC 2026: LINK_STRIKE: Resolving _start Collision.
[AVIS-YML-STRIKE] Sat Feb 14 19:15:57 UTC 2026: LINK_COMPLETE: _start Conflict Dead. HAHA!
[AVIS-YML-STRIKE] Sat Feb 14 19:17:25 UTC 2026: Identity: VERSION 1 - YML Ignition Verified
[AVIS-YML-STRIKE] Sat Feb 14 19:17:27 UTC 2026: LINK_STRIKE: Resolving _start Collision.
[AVIS-YML-STRIKE] Sat Feb 14 19:17:27 UTC 2026: LINK_COMPLETE: _start Conflict Dead. HAHA!
[AVIS-YML-STRIKE] Sat Feb 14 19:20:37 UTC 2026: Identity: VERSION 1 - YML Ignition Verified
[AVIS-YML-STRIKE] Sat Feb 14 19:20:39 UTC 2026: LINK_STRIKE: Resolving _start Collision.
[AVIS-YML-STRIKE] Sat Feb 14 19:20:39 UTC 2026: LINK_COMPLETE: _start Conflict Dead. HAHA!
