AVIS PROJECT SCAN LOG
Generated: Sun 03/22/2026  1:49:11.31
Removable Drive: 
Project Root: \Apache24\htdocs\fire-gem-android
App Root: 

[DIR] C:\Apache24\htdocs\fire-gem-android\build 
[DIR] C:\Apache24\htdocs\fire-gem-android\CYHY-CMT-105 
[DIR] C:\Apache24\htdocs\fire-gem-android\test 
[DIR] C:\Apache24\htdocs\fire-gem-android\AVIS_PRJ_SCAN\BK 
[DIR] C:\Apache24\htdocs\fire-gem-android\AVIS_PRJ_SCAN\CFG 
[DIR] C:\Apache24\htdocs\fire-gem-android\AVIS_PRJ_SCAN\LOG 
[DIR] C:\Apache24\htdocs\fire-gem-android\AVIS_PRJ_SCAN\midi 
[DIR] C:\Apache24\htdocs\fire-gem-android\AVIS_PRJ_SCAN\TMP 
[DIR] C:\Apache24\htdocs\fire-gem-android\AVIS_PRJ_SCAN\CFG\INI 
[DIR] C:\Apache24\htdocs\fire-gem-android\AVIS_PRJ_SCAN\CFG\JSON 
[DIR] C:\Apache24\htdocs\fire-gem-android\CYHY-CMT-105\factory 
[DIR] C:\Apache24\htdocs\fire-gem-android\CYHY-CMT-105\INCLUDE 
[DIR] C:\Apache24\htdocs\fire-gem-android\CYHY-CMT-105\output 
[DIR] C:\Apache24\htdocs\fire-gem-android\CYHY-CMT-105\RESOURCE 
[DIR] C:\Apache24\htdocs\fire-gem-android\CYHY-CMT-105\SOURCE 
[DIR] C:\Apache24\htdocs\fire-gem-android\CYHY-CMT-105\AVIS_PRJ_SCAN\LOG 
[DIR] C:\Apache24\htdocs\fire-gem-android\CYHY-CMT-105\AVIS_PRJ_SCAN\midi 
[DIR] C:\Apache24\htdocs\fire-gem-android\CYHY-CMT-105\SOURCE\BLOCK 
[DIR] C:\Apache24\htdocs\fire-gem-android\CYHY-CMT-105\SOURCE\SOURCE 
[FILE] C:\Apache24\htdocs\fire-gem-android\AVIS_PRJ_SCAN.BAT 
[FILE] C:\Apache24\htdocs\fire-gem-android\FFF_DARKCOMM.bat 
[FILE] C:\Apache24\htdocs\fire-gem-android\FFF_DARKCOMM.log 
[FILE] C:\Apache24\htdocs\fire-gem-android\FFF_DARKCOMM.sh 
[FILE] C:\Apache24\htdocs\fire-gem-android\fg_log.c 
[FILE] C:\Apache24\htdocs\fire-gem-android\fg_log.h 
[FILE] C:\Apache24\htdocs\fire-gem-android\fg_term.c 
[FILE] C:\Apache24\htdocs\fire-gem-android\fg_term.h 
[FILE] C:\Apache24\htdocs\fire-gem-android\fire-gem-console.asm 
[FILE] C:\Apache24\htdocs\fire-gem-android\fire-gem-dialog.asm 
[FILE] C:\Apache24\htdocs\fire-gem-android\fire-gem-dirlist.asm 
[FILE] C:\Apache24\htdocs\fire-gem-android\fire-gem-dirlist.inc 
[FILE] C:\Apache24\htdocs\fire-gem-android\fire-gem-dispatch.asm 
[FILE] C:\Apache24\htdocs\fire-gem-android\fire-gem-exec.asm 
[FILE] C:\Apache24\htdocs\fire-gem-android\fire-gem-ini.asm 
[FILE] C:\Apache24\htdocs\fire-gem-android\fire-gem-json.asm 
[FILE] C:\Apache24\htdocs\fire-gem-android\fire-gem-main.asm 
[FILE] C:\Apache24\htdocs\fire-gem-android\fire-gem-window.asm 
[FILE] C:\Apache24\htdocs\fire-gem-android\fire-gem.asm 
[FILE] C:\Apache24\htdocs\fire-gem-android\fire-gem.exe 
[FILE] C:\Apache24\htdocs\fire-gem-android\fire-gem.ini 
[FILE] C:\Apache24\htdocs\fire-gem-android\fire-vtbl.asm 
[FILE] C:\Apache24\htdocs\fire-gem-android\fire_gem.c 
[FILE] C:\Apache24\htdocs\fire-gem-android\fire_gem.h 
[FILE] C:\Apache24\htdocs\fire-gem-android\ini_loader.c 
[FILE] C:\Apache24\htdocs\fire-gem-android\ini_loader.h 
[FILE] C:\Apache24\htdocs\fire-gem-android\JSON.JSON 
[FILE] C:\Apache24\htdocs\fire-gem-android\json_loader.c 
[FILE] C:\Apache24\htdocs\fire-gem-android\json_loader.h 
[FILE] C:\Apache24\htdocs\fire-gem-android\macro_builder.c 
[FILE] C:\Apache24\htdocs\fire-gem-android\macro_builder.h 
[FILE] C:\Apache24\htdocs\fire-gem-android\macro_runner.c 
[FILE] C:\Apache24\htdocs\fire-gem-android\macro_runner.h 
[FILE] C:\Apache24\htdocs\fire-gem-android\wndproc.c 
[FILE] C:\Apache24\htdocs\fire-gem-android\wndproc.h 
[FILE] C:\Apache24\htdocs\fire-gem-android\build\fire-gem-dialog.o 
[FILE] C:\Apache24\htdocs\fire-gem-android\build\fire-gem-exec.o 
[FILE] C:\Apache24\htdocs\fire-gem-android\build\fire-gem-ini.o 
[FILE] C:\Apache24\htdocs\fire-gem-android\build\fire-gem-json.o 
[FILE] C:\Apache24\htdocs\fire-gem-android\build\fire-gem-main.o 
[FILE] C:\Apache24\htdocs\fire-gem-android\build\fire-gem-window.o 
[FILE] C:\Apache24\htdocs\fire-gem-android\CYHY-CMT-105\auto_timer.c 
[FILE] C:\Apache24\htdocs\fire-gem-android\CYHY-CMT-105\avis_core.c 
[FILE] C:\Apache24\htdocs\fire-gem-android\CYHY-CMT-105\avis_file.c 
[FILE] C:\Apache24\htdocs\fire-gem-android\CYHY-CMT-105\AVIS_PRJ_SCAN.BAT 
[FILE] C:\Apache24\htdocs\fire-gem-android\CYHY-CMT-105\CYHY-CMT.exe 
[FILE] C:\Apache24\htdocs\fire-gem-android\CYHY-CMT-105\CYHY-CMT.ppj 
[FILE] C:\Apache24\htdocs\fire-gem-android\CYHY-CMT-105\CYHY-CMT.ppx 
[FILE] C:\Apache24\htdocs\fire-gem-android\CYHY-CMT-105\CYHY-CMT.tag 
[FILE] C:\Apache24\htdocs\fire-gem-android\CYHY-CMT-105\cyhy-log.txt 
[FILE] C:\Apache24\htdocs\fire-gem-android\CYHY-CMT-105\cyhy.c 
[FILE] C:\Apache24\htdocs\fire-gem-android\CYHY-CMT-105\FFF_DARKCOMM.bat 
[FILE] C:\Apache24\htdocs\fire-gem-android\CYHY-CMT-105\FFF_DARKCOMM.log 
[FILE] C:\Apache24\htdocs\fire-gem-android\CYHY-CMT-105\FFF_DARKCOMM.sh 
[FILE] C:\Apache24\htdocs\fire-gem-android\CYHY-CMT-105\fire-gem.asm 
[FILE] C:\Apache24\htdocs\fire-gem-android\CYHY-CMT-105\generic.AVIS 
[FILE] C:\Apache24\htdocs\fire-gem-android\CYHY-CMT-105\main.c 
[FILE] C:\Apache24\htdocs\fire-gem-android\CYHY-CMT-105\mercg.c 
[FILE] C:\Apache24\htdocs\fire-gem-android\CYHY-CMT-105\project_history.avis 
[FILE] C:\Apache24\htdocs\fire-gem-android\CYHY-CMT-105\tab_01.js 
[FILE] C:\Apache24\htdocs\fire-gem-android\CYHY-CMT-105\template.AVIS 
[FILE] C:\Apache24\htdocs\fire-gem-android\CYHY-CMT-105\template_loader.c 
[FILE] C:\Apache24\htdocs\fire-gem-android\CYHY-CMT-105\terminal.avs 
[FILE] C:\Apache24\htdocs\fire-gem-android\CYHY-CMT-105\factory\acit.txt 
[FILE] C:\Apache24\htdocs\fire-gem-android\CYHY-CMT-105\INCLUDE\auto_timer.h 
[FILE] C:\Apache24\htdocs\fire-gem-android\CYHY-CMT-105\INCLUDE\avis-log.h 
[FILE] C:\Apache24\htdocs\fire-gem-android\CYHY-CMT-105\INCLUDE\avis_core.h 
[FILE] C:\Apache24\htdocs\fire-gem-android\CYHY-CMT-105\INCLUDE\avis_defs.h 
[FILE] C:\Apache24\htdocs\fire-gem-android\CYHY-CMT-105\INCLUDE\avis_file.h 
[FILE] C:\Apache24\htdocs\fire-gem-android\CYHY-CMT-105\INCLUDE\avis_reg.h 
[FILE] C:\Apache24\htdocs\fire-gem-android\CYHY-CMT-105\INCLUDE\buttons_create.h 
[FILE] C:\Apache24\htdocs\fire-gem-android\CYHY-CMT-105\INCLUDE\buttons_proc.h 
[FILE] C:\Apache24\htdocs\fire-gem-android\CYHY-CMT-105\INCLUDE\common.h 
[FILE] C:\Apache24\htdocs\fire-gem-android\CYHY-CMT-105\INCLUDE\cyhy-editor.h 
[FILE] C:\Apache24\htdocs\fire-gem-android\CYHY-CMT-105\INCLUDE\cyhy.h 
[FILE] C:\Apache24\htdocs\fire-gem-android\CYHY-CMT-105\INCLUDE\fire-gem.h 
[FILE] C:\Apache24\htdocs\fire-gem-android\CYHY-CMT-105\INCLUDE\mercg-editor.h 
[FILE] C:\Apache24\htdocs\fire-gem-android\CYHY-CMT-105\INCLUDE\mercg-wins.h 
[FILE] C:\Apache24\htdocs\fire-gem-android\CYHY-CMT-105\INCLUDE\mercg.h 
[FILE] C:\Apache24\htdocs\fire-gem-android\CYHY-CMT-105\INCLUDE\resource.h 
[FILE] C:\Apache24\htdocs\fire-gem-android\CYHY-CMT-105\INCLUDE\template_loader.h 
[FILE] C:\Apache24\htdocs\fire-gem-android\CYHY-CMT-105\output\auto_timer.obj 
[FILE] C:\Apache24\htdocs\fire-gem-android\CYHY-CMT-105\output\avis-log.obj 
[FILE] C:\Apache24\htdocs\fire-gem-android\CYHY-CMT-105\output\avis_core.obj 
[FILE] C:\Apache24\htdocs\fire-gem-android\CYHY-CMT-105\output\avis_file.obj 
[FILE] C:\Apache24\htdocs\fire-gem-android\CYHY-CMT-105\output\avis_reg.obj 
[FILE] C:\Apache24\htdocs\fire-gem-android\CYHY-CMT-105\output\buttons_create.obj 
[FILE] C:\Apache24\htdocs\fire-gem-android\CYHY-CMT-105\output\buttons_proc.obj 
[FILE] C:\Apache24\htdocs\fire-gem-android\CYHY-CMT-105\output\CYHY-CMT.res 
[FILE] C:\Apache24\htdocs\fire-gem-android\CYHY-CMT-105\output\cyhy-editor.obj 
[FILE] C:\Apache24\htdocs\fire-gem-android\CYHY-CMT-105\output\cyhy.obj 
[FILE] C:\Apache24\htdocs\fire-gem-android\CYHY-CMT-105\output\mercg-editor.obj 
[FILE] C:\Apache24\htdocs\fire-gem-android\CYHY-CMT-105\output\mercg-wins.obj 
[FILE] C:\Apache24\htdocs\fire-gem-android\CYHY-CMT-105\output\mercg.obj 
[FILE] C:\Apache24\htdocs\fire-gem-android\CYHY-CMT-105\output\template_loader.obj 
[FILE] C:\Apache24\htdocs\fire-gem-android\CYHY-CMT-105\RESOURCE\CYHY-CMT.rc 
[FILE] C:\Apache24\htdocs\fire-gem-android\CYHY-CMT-105\SOURCE\avis-log.c 
[FILE] C:\Apache24\htdocs\fire-gem-android\CYHY-CMT-105\SOURCE\avis_reg.c 
[FILE] C:\Apache24\htdocs\fire-gem-android\CYHY-CMT-105\SOURCE\cyhy.c 
[FILE] C:\Apache24\htdocs\fire-gem-android\CYHY-CMT-105\SOURCE\mercg-wins.c 
[FILE] C:\Apache24\htdocs\fire-gem-android\CYHY-CMT-105\SOURCE\mercg.c 
[FILE] C:\Apache24\htdocs\fire-gem-android\CYHY-CMT-105\SOURCE\template_loader.c 
[FILE] C:\Apache24\htdocs\fire-gem-android\CYHY-CMT-105\SOURCE\BLOCK\cyhy-editor-block-1.h 
[FILE] C:\Apache24\htdocs\fire-gem-android\CYHY-CMT-105\SOURCE\SOURCE\buttons_create.c 
[FILE] C:\Apache24\htdocs\fire-gem-android\CYHY-CMT-105\SOURCE\SOURCE\buttons_proc.c 
[FILE] C:\Apache24\htdocs\fire-gem-android\CYHY-CMT-105\SOURCE\SOURCE\cyhy-editor.c 
[FILE] C:\Apache24\htdocs\fire-gem-android\CYHY-CMT-105\SOURCE\SOURCE\mercg-editor.c 
[FILE] C:\Apache24\htdocs\fire-gem-android\test\FFF_DARKCOMM.bat 
[FILE] C:\Apache24\htdocs\fire-gem-android\test\fire-dl.sh 
[FILE] C:\Apache24\htdocs\fire-gem-android\test\test.c 
[FILE] C:\Apache24\htdocs\fire-gem-android\test\test.exe 
[FILE] C:\Apache24\htdocs\fire-gem-android\test\test.ini 
[FILE] C:\Apache24\htdocs\fire-gem-android\test\test.json 
[FILE] C:\Apache24\htdocs\fire-gem-android\test\test.log 
[FILE] C:\Apache24\htdocs\fire-gem-android\test\test.sh 
